Token Type: KEYWORDS
Value: PROGRAM
Token Type: IDENTIFIER
Value: fibonacci
Token Type: KEYWORDS
Value: BEGIN
Token Type: KEYWORDS
Value: STRING
Token Type: IDENTIFIER
Value: input
Token Type: OPERATOR
Value: :=
Token Type: STRINGLITERAL
Value: "Please input an integer number: "
Token Type: OPERATOR
Value: ;
Token Type: KEYWORDS
Value: STRING
Token Type: IDENTIFIER
Value: space
Token Type: OPERATOR
Value: :=
Token Type: STRINGLITERAL
Value: " "
Token Type: OPERATOR
Value: ;
Token Type: KEYWORDS
Value: STRING
Token Type: IDENTIFIER
Value: eol
Token Type: OPERATOR
Value: :=
Token Type: STRINGLITERAL
Value: "\n"
Token Type: OPERATOR
Value: ;
Token Type: KEYWORDS
Value: FUNCTION
Token Type: KEYWORDS
Value: INT
Token Type: IDENTIFIER
Value: F
Token Type: OPERATOR
Value: (
Token Type: KEYWORDS
Value: INT
Token Type: IDENTIFIER
Value: n
Token Type: OPERATOR
Value: )
Token Type: KEYWORDS
Value: BEGIN
Token Type: KEYWORDS
Value: IF
Token Type: OPERATOR
Value: (
Token Type: IDENTIFIER
Value: n
Token Type: OPERATOR
Value: >
Token Type: INTLITERAL
Value: 2
Token Type: OPERATOR
Value: )
Token Type: KEYWORDS
Value: RETURN
Token Type: IDENTIFIER
Value: F
Token Type: OPERATOR
Value: (
Token Type: IDENTIFIER
Value: n
Token Type: OPERATOR
Value: -
Token Type: INTLITERAL
Value: 1
Token Type: OPERATOR
Value: )
Token Type: OPERATOR
Value: +
Token Type: IDENTIFIER
Value: F
Token Type: OPERATOR
Value: (
Token Type: IDENTIFIER
Value: n
Token Type: OPERATOR
Value: -
Token Type: INTLITERAL
Value: 2
Token Type: OPERATOR
Value: )
Token Type: OPERATOR
Value: ;
Token Type: KEYWORDS
Value: ELSE
Token Type: KEYWORDS
Value: IF
Token Type: OPERATOR
Value: (
Token Type: IDENTIFIER
Value: n
Token Type: OPERATOR
Value: =
Token Type: INTLITERAL
Value: 0
Token Type: OPERATOR
Value: )
Token Type: COMMENT
Value: --This is a comment			
Token Type: KEYWORDS
Value: RETURN
Token Type: INTLITERAL
Value: 0
Token Type: OPERATOR
Value: ;
Token Type: KEYWORDS
Value: ELSE
Token Type: KEYWORDS
Value: IF
Token Type: OPERATOR
Value: (
Token Type: IDENTIFIER
Value: n
Token Type: OPERATOR
Value: =
Token Type: INTLITERAL
Value: 1
Token Type: OPERATOR
Value: )
Token Type: KEYWORDS
Value: RETURN
Token Type: INTLITERAL
Value: 1
Token Type: OPERATOR
Value: ;
Token Type: KEYWORDS
Value: ELSE
Token Type: KEYWORDS
Value: RETURN
Token Type: INTLITERAL
Value: 1
Token Type: OPERATOR
Value: ;
Token Type: KEYWORDS
Value: FI
Token Type: KEYWORDS
Value: FI
Token Type: KEYWORDS
Value: FI
Token Type: KEYWORDS
Value: END
Token Type: KEYWORDS
Value: FUNCTION
Token Type: KEYWORDS
Value: VOID
Token Type: IDENTIFIER
Value: main
Token Type: OPERATOR
Value: (
Token Type: OPERATOR
Value: )
Token Type: KEYWORDS
Value: BEGIN
Token Type: KEYWORDS
Value: INT
Token Type: IDENTIFIER
Value: i
Token Type: OPERATOR
Value: ,
Token Type: IDENTIFIER
Value: end
Token Type: OPERATOR
Value: ,
Token Type: IDENTIFIER
Value: result
Token Type: OPERATOR
Value: ;
Token Type: KEYWORDS
Value: WRITE
Token Type: OPERATOR
Value: (
Token Type: IDENTIFIER
Value: input
Token Type: OPERATOR
Value: )
Token Type: OPERATOR
Value: ;
Token Type: KEYWORDS
Value: READ
Token Type: OPERATOR
Value: (
Token Type: IDENTIFIER
Value: end
Token Type: OPERATOR
Value: )
Token Type: OPERATOR
Value: ;
Token Type: KEYWORDS
Value: FOR
Token Type: OPERATOR
Value: (
Token Type: IDENTIFIER
Value: i
Token Type: OPERATOR
Value: :=
Token Type: INTLITERAL
Value: 0
Token Type: OPERATOR
Value: ;
Token Type: IDENTIFIER
Value: i
Token Type: OPERATOR
Value: !=
Token Type: IDENTIFIER
Value: end
Token Type: OPERATOR
Value: ;
Token Type: IDENTIFIER
Value: i
Token Type: OPERATOR
Value: :=
Token Type: IDENTIFIER
Value: i
Token Type: OPERATOR
Value: +
Token Type: INTLITERAL
Value: 1
Token Type: OPERATOR
Value: )
Token Type: IDENTIFIER
Value: result
Token Type: OPERATOR
Value: :=
Token Type: IDENTIFIER
Value: F
Token Type: OPERATOR
Value: (
Token Type: IDENTIFIER
Value: i
Token Type: OPERATOR
Value: )
Token Type: OPERATOR
Value: ;
Token Type: KEYWORDS
Value: WRITE
Token Type: OPERATOR
Value: (
Token Type: IDENTIFIER
Value: i
Token Type: OPERATOR
Value: ,
Token Type: IDENTIFIER
Value: space
Token Type: OPERATOR
Value: )
Token Type: OPERATOR
Value: ;
Token Type: KEYWORDS
Value: WRITE
Token Type: OPERATOR
Value: (
Token Type: IDENTIFIER
Value: result
Token Type: OPERATOR
Value: ,
Token Type: IDENTIFIER
Value: eol
Token Type: OPERATOR
Value: )
Token Type: OPERATOR
Value: ;
Token Type: KEYWORDS
Value: ROF
Token Type: KEYWORDS
Value: END
Token Type: KEYWORDS
Value: END
